2020-07-10 10:56:59,198 [Worker-4: Loading available Gradle versions] INFO  o.e.b.c.i.u.g.PublishedGradleVersions - Gradle version information cache is up-to-date. Trying to read.
2020-07-10 10:58:51,031 [Worker-5: Loading available Gradle versions] INFO  o.e.b.c.i.u.g.PublishedGradleVersions - Gradle version information cache is up-to-date. Trying to read.
2020-07-10 10:59:27,768 [Worker-17: Importing Maven projects] INFO  o.e.m.c.i.e.AbstractTransferListenerAdapter - Downloading https://repo.maven.apache.org/maven2/org/apache/maven/plugins/maven-source-plugin/2.2.1/maven-source-plugin-2.2.1.pom
2020-07-10 10:59:28,111 [Worker-17: Importing Maven projects] INFO  o.e.m.c.i.e.AbstractTransferListenerAdapter - Downloaded https://repo.maven.apache.org/maven2/org/apache/maven/plugins/maven-source-plugin/2.2.1/maven-source-plugin-2.2.1.pom
2020-07-10 10:59:28,392 [Worker-17: Importing Maven projects] INFO  o.e.m.c.i.e.AbstractTransferListenerAdapter - Downloading https://repo.maven.apache.org/maven2/org/apache/maven/plugins/maven-source-plugin/2.2.1/maven-source-plugin-2.2.1.jar
2020-07-10 10:59:29,322 [Worker-17: Importing Maven projects] INFO  o.e.m.c.i.e.AbstractTransferListenerAdapter - Downloaded https://repo.maven.apache.org/maven2/org/apache/maven/plugins/maven-source-plugin/2.2.1/maven-source-plugin-2.2.1.jar
2020-07-10 10:59:30,179 [Worker-17: Importing Maven projects] INFO  o.e.m.c.i.e.AbstractTransferListenerAdapter - Downloading https://repo.maven.apache.org/maven2/org/apache/maven/plugins/maven-javadoc-plugin/2.9.1/maven-javadoc-plugin-2.9.1.pom
2020-07-10 10:59:30,394 [Worker-17: Importing Maven projects] INFO  o.e.m.c.i.e.AbstractTransferListenerAdapter - Downloaded https://repo.maven.apache.org/maven2/org/apache/maven/plugins/maven-javadoc-plugin/2.9.1/maven-javadoc-plugin-2.9.1.pom
2020-07-10 10:59:30,607 [Worker-17: Importing Maven projects] INFO  o.e.m.c.i.e.AbstractTransferListenerAdapter - Downloading https://repo.maven.apache.org/maven2/org/apache/maven/plugins/maven-plugins/24/maven-plugins-24.pom
2020-07-10 10:59:30,825 [Worker-17: Importing Maven projects] INFO  o.e.m.c.i.e.AbstractTransferListenerAdapter - Downloaded https://repo.maven.apache.org/maven2/org/apache/maven/plugins/maven-plugins/24/maven-plugins-24.pom
2020-07-10 10:59:31,173 [Worker-17: Importing Maven projects] INFO  o.e.m.c.i.e.AbstractTransferListenerAdapter - Downloading https://repo.maven.apache.org/maven2/org/apache/maven/plugins/maven-javadoc-plugin/2.9.1/maven-javadoc-plugin-2.9.1.jar
2020-07-10 10:59:31,925 [Worker-17: Importing Maven projects] INFO  o.e.m.c.i.e.AbstractTransferListenerAdapter - Downloaded https://repo.maven.apache.org/maven2/org/apache/maven/plugins/maven-javadoc-plugin/2.9.1/maven-javadoc-plugin-2.9.1.jar
2020-07-10 10:59:33,223 [Worker-17: Importing Maven projects] INFO  o.e.m.c.i.e.AbstractTransferListenerAdapter - Downloading https://repo.maven.apache.org/maven2/org/apache/maven/plugins/maven-shade-plugin/3.2.0/maven-shade-plugin-3.2.0.jar
2020-07-10 10:59:33,423 [Worker-17: Importing Maven projects] INFO  o.e.m.c.i.e.AbstractTransferListenerAdapter - Downloaded https://repo.maven.apache.org/maven2/org/apache/maven/plugins/maven-shade-plugin/3.2.0/maven-shade-plugin-3.2.0.jar
2020-07-10 10:59:38,826 [Worker-17: Importing Maven projects] INFO  o.e.m.c.i.l.LifecycleMappingFactory - Using org.eclipse.m2e.jdt.JarLifecycleMapping lifecycle mapping for MavenProject: org.vanilladb:comm:0.2.2 @ D:\data_\database\vanilla_full\vanillacomm\pom.xml.
2020-07-10 10:59:39,028 [Worker-17: Importing Maven projects] INFO  o.e.m.c.i.e.AbstractTransferListenerAdapter - Downloading file://D:\data_\database\vanilla_full\vanillacomm/lib/net/sf/appia/core/4.1.2-vanilladb/core-4.1.2-vanilladb.pom
2020-07-10 10:59:39,034 [Worker-17: Importing Maven projects] WARN  o.e.a.i.impl.WarnChecksumPolicy - Could not validate integrity of download from file://D:\data_\database\vanilla_full\vanillacomm/lib/net/sf/appia/core/4.1.2-vanilladb/core-4.1.2-vanilladb.pom: Checksum validation failed, no checksums available
2020-07-10 10:59:39,048 [Worker-17: Importing Maven projects] INFO  o.e.m.c.i.e.AbstractTransferListenerAdapter - Downloaded file://D:\data_\database\vanilla_full\vanillacomm/lib/net/sf/appia/core/4.1.2-vanilladb/core-4.1.2-vanilladb.pom
2020-07-10 10:59:39,070 [Worker-17: Importing Maven projects] INFO  o.e.m.c.i.e.AbstractTransferListenerAdapter - Downloaded file://D:\data_\database\vanilla_full\vanillacomm/lib/log4j/log4j/1.2.14/log4j-1.2.14.pom
2020-07-10 10:59:39,712 [Worker-17: Importing Maven projects] INFO  o.e.m.c.i.e.AbstractTransferListenerAdapter - Downloading https://repo.maven.apache.org/maven2/log4j/log4j/1.2.14/log4j-1.2.14.pom
2020-07-10 10:59:40,069 [Worker-17: Importing Maven projects] INFO  o.e.m.c.i.e.AbstractTransferListenerAdapter - Downloaded https://repo.maven.apache.org/maven2/log4j/log4j/1.2.14/log4j-1.2.14.pom
2020-07-10 10:59:40,175 [Worker-17: Importing Maven projects] INFO  o.e.m.c.i.e.AbstractTransferListenerAdapter - Downloading file://D:\data_\database\vanilla_full\vanillacomm/lib/net/sf/appia/core/4.1.2-vanilladb/core-4.1.2-vanilladb.jar
2020-07-10 10:59:40,226 [Worker-17: Importing Maven projects] WARN  o.e.a.i.impl.WarnChecksumPolicy - Could not validate integrity of download from file://D:\data_\database\vanilla_full\vanillacomm/lib/net/sf/appia/core/4.1.2-vanilladb/core-4.1.2-vanilladb.jar: Checksum validation failed, no checksums available
2020-07-10 10:59:40,254 [Worker-17: Importing Maven projects] INFO  o.e.m.c.i.e.AbstractTransferListenerAdapter - Downloaded file://D:\data_\database\vanilla_full\vanillacomm/lib/net/sf/appia/core/4.1.2-vanilladb/core-4.1.2-vanilladb.jar
2020-07-10 10:59:40,749 [Worker-17: Importing Maven projects] INFO  o.e.m.c.i.e.AbstractTransferListenerAdapter - Downloading https://repo.maven.apache.org/maven2/org/apache/maven/plugins/maven-resources-plugin/3.0.1/maven-resources-plugin-3.0.1.jar
2020-07-10 10:59:41,015 [Worker-17: Importing Maven projects] INFO  o.e.m.c.i.e.AbstractTransferListenerAdapter - Downloaded https://repo.maven.apache.org/maven2/org/apache/maven/plugins/maven-resources-plugin/3.0.1/maven-resources-plugin-3.0.1.jar
2020-07-10 10:59:41,329 [Worker-17: Importing Maven projects] INFO  o.e.m.c.i.l.LifecycleMappingFactory - Using org.eclipse.m2e.jdt.JarLifecycleMapping lifecycle mapping for MavenProject: org.elasql:bench:0.2.1 @ D:\data_\database\vanilla_full\elasqlbench\pom.xml.
2020-07-10 10:59:41,551 [Worker-17: Importing Maven projects] INFO  o.e.m.c.i.e.AbstractTransferListenerAdapter - Downloading https://repo.maven.apache.org/maven2/org/vanilladb/bench/0.3.0/bench-0.3.0.pom
2020-07-10 10:59:41,821 [Worker-17: Importing Maven projects] INFO  o.e.m.c.i.e.AbstractTransferListenerAdapter - Downloaded https://repo.maven.apache.org/maven2/org/vanilladb/bench/0.3.0/bench-0.3.0.pom
2020-07-10 10:59:42,089 [Worker-17: Importing Maven projects] INFO  o.e.m.c.i.e.AbstractTransferListenerAdapter - Downloading https://repo.maven.apache.org/maven2/org/vanilladb/core/0.3.2/core-0.3.2.pom
2020-07-10 10:59:42,293 [Worker-17: Importing Maven projects] INFO  o.e.m.c.i.e.AbstractTransferListenerAdapter - Downloaded https://repo.maven.apache.org/maven2/org/vanilladb/core/0.3.2/core-0.3.2.pom
2020-07-10 10:59:42,772 [Worker-17: Importing Maven projects] INFO  o.e.m.c.i.e.AbstractTransferListenerAdapter - Downloading https://repo.maven.apache.org/maven2/org/vanilladb/comm/0.1.0/comm-0.1.0.pom
2020-07-10 10:59:43,056 [Worker-17: Importing Maven projects] INFO  o.e.m.c.i.e.AbstractTransferListenerAdapter - Downloaded https://repo.maven.apache.org/maven2/org/vanilladb/comm/0.1.0/comm-0.1.0.pom
2020-07-10 10:59:43,112 [Worker-17: Importing Maven projects] WARN  o.e.m.c.i.embedder.EclipseLogger - The POM for org.vanilladb:comm:jar:0.1.0 is invalid, transitive dependencies (if any) will not be available, enable debug logging for more details
2020-07-10 10:59:43,188 [Worker-17: Importing Maven projects] INFO  o.e.m.c.i.p.WorkspaceClassifierResolverManager - Resolving P/elasql: org.elasql:elasql:0.2.1 with classifier  to /elasql/target/classes
2020-07-10 10:59:43,424 [AetherRepositoryConnector-repo.maven.apache.org-0-0] INFO  o.e.m.c.i.e.AbstractTransferListenerAdapter - Downloading https://repo.maven.apache.org/maven2/org/vanilladb/bench/0.3.0/bench-0.3.0.jar
2020-07-10 10:59:43,574 [AetherRepositoryConnector-repo.maven.apache.org-0-1] INFO  o.e.m.c.i.e.AbstractTransferListenerAdapter - Downloading https://repo.maven.apache.org/maven2/org/vanilladb/core/0.3.2/core-0.3.2.jar
2020-07-10 10:59:44,305 [AetherRepositoryConnector-repo.maven.apache.org-0-2] INFO  o.e.m.c.i.e.AbstractTransferListenerAdapter - Downloading https://repo.maven.apache.org/maven2/org/vanilladb/comm/0.1.0/comm-0.1.0.jar
2020-07-10 10:59:44,503 [AetherRepositoryConnector-repo.maven.apache.org-0-0] INFO  o.e.m.c.i.e.AbstractTransferListenerAdapter - Downloaded https://repo.maven.apache.org/maven2/org/vanilladb/bench/0.3.0/bench-0.3.0.jar
2020-07-10 10:59:44,898 [AetherRepositoryConnector-repo.maven.apache.org-0-1] INFO  o.e.m.c.i.e.AbstractTransferListenerAdapter - Downloaded https://repo.maven.apache.org/maven2/org/vanilladb/core/0.3.2/core-0.3.2.jar
2020-07-10 10:59:45,339 [AetherRepositoryConnector-repo.maven.apache.org-0-2] INFO  o.e.m.c.i.e.AbstractTransferListenerAdapter - Downloaded https://repo.maven.apache.org/maven2/org/vanilladb/comm/0.1.0/comm-0.1.0.jar
2020-07-10 10:59:46,591 [Worker-17: Importing Maven projects] INFO  o.e.m.c.i.e.AbstractTransferListenerAdapter - Downloading https://repo.maven.apache.org/maven2/org/apache/maven/plugins/maven-surefire-plugin/2.19.1/maven-surefire-plugin-2.19.1.jar
2020-07-10 10:59:46,985 [Worker-17: Importing Maven projects] INFO  o.e.m.c.i.e.AbstractTransferListenerAdapter - Downloaded https://repo.maven.apache.org/maven2/org/apache/maven/plugins/maven-surefire-plugin/2.19.1/maven-surefire-plugin-2.19.1.jar
2020-07-10 10:59:47,267 [Worker-17: Importing Maven projects] INFO  o.e.m.c.i.l.LifecycleMappingFactory - Using org.eclipse.m2e.jdt.JarLifecycleMapping lifecycle mapping for MavenProject: org.vanilladb:core:0.4.0 @ D:\data_\database\vanilla_full\vanillacore\pom.xml.
2020-07-10 10:59:47,558 [Worker-17: Importing Maven projects] INFO  o.e.m.c.i.e.AbstractTransferListenerAdapter - Downloading https://repo.maven.apache.org/maven2/org/codehaus/mojo/appassembler-maven-plugin/1.10/appassembler-maven-plugin-1.10.jar
2020-07-10 10:59:48,160 [Worker-17: Importing Maven projects] INFO  o.e.m.c.i.e.AbstractTransferListenerAdapter - Downloaded https://repo.maven.apache.org/maven2/org/codehaus/mojo/appassembler-maven-plugin/1.10/appassembler-maven-plugin-1.10.jar
2020-07-10 10:59:48,512 [Worker-17: Importing Maven projects] INFO  o.e.m.c.i.l.LifecycleMappingFactory - Using org.eclipse.m2e.jdt.JarLifecycleMapping lifecycle mapping for MavenProject: org.vanilladb:bench:0.4.0 @ D:\data_\database\vanilla_full\vanillabench\pom.xml.
2020-07-10 10:59:48,529 [Worker-17: Importing Maven projects] INFO  o.e.m.c.i.p.WorkspaceClassifierResolverManager - Resolving P/vanillacore: org.vanilladb:core:0.4.0 with classifier  to /vanillacore/target/classes
2020-07-10 10:59:48,750 [Worker-17: Importing Maven projects] INFO  o.e.m.c.i.l.LifecycleMappingFactory - Using org.eclipse.m2e.jdt.JarLifecycleMapping lifecycle mapping for MavenProject: org.elasql:elasql:0.2.1 @ D:\data_\database\vanilla_full\elasql\pom.xml.
2020-07-10 10:59:48,918 [Worker-17: Importing Maven projects] INFO  o.e.m.c.i.l.LifecycleMappingFactory - Using org.eclipse.m2e.jdt.JarLifecycleMapping lifecycle mapping for MavenProject: org.elasql:bench:0.2.1 @ D:\data_\database\vanilla_full\elasqlbench\pom.xml.
2020-07-10 10:59:48,925 [Worker-17: Importing Maven projects] INFO  o.e.m.c.i.p.WorkspaceClassifierResolverManager - Resolving P/elasql: org.elasql:elasql:0.2.1 with classifier  to /elasql/target/classes
2020-07-10 10:59:49,956 [Worker-17: Importing Maven projects] INFO  o.e.m.c.i.e.AbstractTransferListenerAdapter - Downloading https://repo.maven.apache.org/maven2/org/apache/maven/plugins/maven-resources-plugin/3.0.1/maven-resources-plugin-3.0.1.pom
2020-07-10 10:59:50,149 [Worker-17: Importing Maven projects] INFO  o.e.m.c.i.e.AbstractTransferListenerAdapter - Downloaded https://repo.maven.apache.org/maven2/org/apache/maven/plugins/maven-resources-plugin/3.0.1/maven-resources-plugin-3.0.1.pom
2020-07-10 10:59:50,351 [Worker-17: Importing Maven projects] INFO  o.e.m.c.i.e.AbstractTransferListenerAdapter - Downloading https://repo.maven.apache.org/maven2/org/apache/maven/plugins/maven-plugins/30/maven-plugins-30.pom
2020-07-10 10:59:50,575 [Worker-17: Importing Maven projects] INFO  o.e.m.c.i.e.AbstractTransferListenerAdapter - Downloaded https://repo.maven.apache.org/maven2/org/apache/maven/plugins/maven-plugins/30/maven-plugins-30.pom
2020-07-10 10:59:50,787 [Worker-17: Importing Maven projects] INFO  o.e.m.c.i.e.AbstractTransferListenerAdapter - Downloading https://repo.maven.apache.org/maven2/org/apache/maven/maven-parent/30/maven-parent-30.pom
2020-07-10 10:59:50,798 [Worker-0: Download sources and javadoc] INFO  o.e.m.c.i.e.AbstractTransferListenerAdapter - Downloading file://D:\data_\database\vanilla_full\vanillacomm/lib/net/sf/appia/core/4.1.2-vanilladb/core-4.1.2-vanilladb-sources.jar
2020-07-10 10:59:50,857 [Worker-0: Download sources and javadoc] WARN  o.e.a.i.impl.WarnChecksumPolicy - Could not validate integrity of download from file://D:\data_\database\vanilla_full\vanillacomm/lib/net/sf/appia/core/4.1.2-vanilladb/core-4.1.2-vanilladb-sources.jar: Checksum validation failed, no checksums available
2020-07-10 10:59:50,885 [Worker-0: Download sources and javadoc] INFO  o.e.m.c.i.e.AbstractTransferListenerAdapter - Downloaded file://D:\data_\database\vanilla_full\vanillacomm/lib/net/sf/appia/core/4.1.2-vanilladb/core-4.1.2-vanilladb-sources.jar
2020-07-10 10:59:50,986 [Worker-17: Importing Maven projects] INFO  o.e.m.c.i.e.AbstractTransferListenerAdapter - Downloaded https://repo.maven.apache.org/maven2/org/apache/maven/maven-parent/30/maven-parent-30.pom
2020-07-10 10:59:51,010 [Worker-0: Download sources and javadoc] INFO  o.e.m.j.internal.DownloadSourcesJob - Downloaded sources for net.sf.appia:core:4.1.2-vanilladb
2020-07-10 10:59:51,043 [Worker-0: Download sources and javadoc] WARN  o.e.m.c.i.embedder.EclipseLogger - The POM for org.vanilladb:comm:jar:0.1.0 is invalid, transitive dependencies (if any) will not be available, enable debug logging for more details
2020-07-10 10:59:51,056 [Worker-0: Download sources and javadoc] INFO  o.e.m.c.i.p.WorkspaceClassifierResolverManager - Resolving P/elasql: org.elasql:elasql:0.2.1 with classifier  to /elasql/target/classes
2020-07-10 10:59:51,167 [Worker-17: Importing Maven projects] INFO  o.e.m.c.i.e.AbstractTransferListenerAdapter - Downloading https://repo.maven.apache.org/maven2/org/apache/apache/18/apache-18.pom
2020-07-10 10:59:51,376 [Worker-17: Importing Maven projects] INFO  o.e.m.c.i.e.AbstractTransferListenerAdapter - Downloaded https://repo.maven.apache.org/maven2/org/apache/apache/18/apache-18.pom
2020-07-10 10:59:51,586 [Worker-17: Importing Maven projects] INFO  o.e.m.c.i.e.AbstractTransferListenerAdapter - Downloading https://repo.maven.apache.org/maven2/org/codehaus/plexus/plexus-component-annotations/1.6/plexus-component-annotations-1.6.pom
2020-07-10 10:59:51,790 [Worker-17: Importing Maven projects] INFO  o.e.m.c.i.e.AbstractTransferListenerAdapter - Downloaded https://repo.maven.apache.org/maven2/org/codehaus/plexus/plexus-component-annotations/1.6/plexus-component-annotations-1.6.pom
2020-07-10 10:59:51,813 [Worker-0: Download sources and javadoc] INFO  o.e.m.c.i.e.AbstractTransferListenerAdapter - Downloading https://repo.maven.apache.org/maven2/org/vanilladb/bench/0.3.0/bench-0.3.0-sources.jar
2020-07-10 10:59:51,997 [Worker-17: Importing Maven projects] INFO  o.e.m.c.i.e.AbstractTransferListenerAdapter - Downloading https://repo.maven.apache.org/maven2/org/codehaus/plexus/plexus-containers/1.6/plexus-containers-1.6.pom
2020-07-10 10:59:52,199 [Worker-17: Importing Maven projects] INFO  o.e.m.c.i.e.AbstractTransferListenerAdapter - Downloaded https://repo.maven.apache.org/maven2/org/codehaus/plexus/plexus-containers/1.6/plexus-containers-1.6.pom
2020-07-10 10:59:52,412 [Worker-17: Importing Maven projects] INFO  o.e.m.c.i.e.AbstractTransferListenerAdapter - Downloading https://repo.maven.apache.org/maven2/org/codehaus/plexus/plexus/3.3.2/plexus-3.3.2.pom
2020-07-10 10:59:52,567 [Worker-0: Download sources and javadoc] INFO  o.e.m.c.i.e.AbstractTransferListenerAdapter - Downloaded https://repo.maven.apache.org/maven2/org/vanilladb/bench/0.3.0/bench-0.3.0-sources.jar
2020-07-10 10:59:52,604 [Worker-17: Importing Maven projects] INFO  o.e.m.c.i.e.AbstractTransferListenerAdapter - Downloaded https://repo.maven.apache.org/maven2/org/codehaus/plexus/plexus/3.3.2/plexus-3.3.2.pom
2020-07-10 10:59:52,753 [Worker-0: Download sources and javadoc] INFO  o.e.m.j.internal.DownloadSourcesJob - Downloaded sources for org.vanilladb:bench:0.3.0
2020-07-10 10:59:52,913 [Worker-17: Importing Maven projects] INFO  o.e.m.c.i.e.AbstractTransferListenerAdapter - Downloading https://repo.maven.apache.org/maven2/org/codehaus/plexus/plexus-utils/3.0.24/plexus-utils-3.0.24.pom
2020-07-10 10:59:53,129 [Worker-17: Importing Maven projects] INFO  o.e.m.c.i.e.AbstractTransferListenerAdapter - Downloaded https://repo.maven.apache.org/maven2/org/codehaus/plexus/plexus-utils/3.0.24/plexus-utils-3.0.24.pom
2020-07-10 10:59:53,317 [Worker-17: Importing Maven projects] INFO  o.e.m.c.i.e.AbstractTransferListenerAdapter - Downloading https://repo.maven.apache.org/maven2/org/apache/maven/shared/maven-filtering/3.1.1/maven-filtering-3.1.1.pom
2020-07-10 10:59:53,522 [Worker-17: Importing Maven projects] INFO  o.e.m.c.i.e.AbstractTransferListenerAdapter - Downloaded https://repo.maven.apache.org/maven2/org/apache/maven/shared/maven-filtering/3.1.1/maven-filtering-3.1.1.pom
2020-07-10 10:59:53,666 [Worker-0: Download sources and javadoc] INFO  o.e.m.c.i.e.AbstractTransferListenerAdapter - Downloading https://repo.maven.apache.org/maven2/org/vanilladb/core/0.3.2/core-0.3.2-sources.jar
2020-07-10 10:59:53,751 [Worker-17: Importing Maven projects] INFO  o.e.m.c.i.e.AbstractTransferListenerAdapter - Downloading https://repo.maven.apache.org/maven2/org/apache/maven/shared/maven-shared-components/30/maven-shared-components-30.pom
2020-07-10 10:59:53,934 [Worker-17: Importing Maven projects] INFO  o.e.m.c.i.e.AbstractTransferListenerAdapter - Downloaded https://repo.maven.apache.org/maven2/org/apache/maven/shared/maven-shared-components/30/maven-shared-components-30.pom
2020-07-10 10:59:54,125 [Worker-17: Importing Maven projects] INFO  o.e.m.c.i.e.AbstractTransferListenerAdapter - Downloading https://repo.maven.apache.org/maven2/org/codehaus/plexus/plexus-interpolation/1.22/plexus-interpolation-1.22.pom
2020-07-10 10:59:54,305 [Worker-17: Importing Maven projects] INFO  o.e.m.c.i.e.AbstractTransferListenerAdapter - Downloaded https://repo.maven.apache.org/maven2/org/codehaus/plexus/plexus-interpolation/1.22/plexus-interpolation-1.22.pom
2020-07-10 10:59:54,476 [Worker-17: Importing Maven projects] INFO  o.e.m.c.i.e.AbstractTransferListenerAdapter - Downloading https://repo.maven.apache.org/maven2/org/codehaus/plexus/plexus-components/1.3.1/plexus-components-1.3.1.pom
2020-07-10 10:59:54,652 [Worker-17: Importing Maven projects] INFO  o.e.m.c.i.e.AbstractTransferListenerAdapter - Downloaded https://repo.maven.apache.org/maven2/org/codehaus/plexus/plexus-components/1.3.1/plexus-components-1.3.1.pom
2020-07-10 10:59:54,714 [Worker-0: Download sources and javadoc] INFO  o.e.m.c.i.e.AbstractTransferListenerAdapter - Downloaded https://repo.maven.apache.org/maven2/org/vanilladb/core/0.3.2/core-0.3.2-sources.jar
2020-07-10 10:59:54,835 [Worker-17: Importing Maven projects] INFO  o.e.m.c.i.e.AbstractTransferListenerAdapter - Downloading https://repo.maven.apache.org/maven2/org/sonatype/plexus/plexus-build-api/0.0.7/plexus-build-api-0.0.7.pom
2020-07-10 10:59:54,841 [Worker-0: Download sources and javadoc] INFO  o.e.m.j.internal.DownloadSourcesJob - Downloaded sources for org.vanilladb:core:0.3.2
2020-07-10 10:59:55,017 [Worker-17: Importing Maven projects] INFO  o.e.m.c.i.e.AbstractTransferListenerAdapter - Downloaded https://repo.maven.apache.org/maven2/org/sonatype/plexus/plexus-build-api/0.0.7/plexus-build-api-0.0.7.pom
2020-07-10 10:59:55,192 [Worker-17: Importing Maven projects] INFO  o.e.m.c.i.e.AbstractTransferListenerAdapter - Downloading https://repo.maven.apache.org/maven2/org/sonatype/spice/spice-parent/15/spice-parent-15.pom
2020-07-10 10:59:55,365 [Worker-17: Importing Maven projects] INFO  o.e.m.c.i.e.AbstractTransferListenerAdapter - Downloaded https://repo.maven.apache.org/maven2/org/sonatype/spice/spice-parent/15/spice-parent-15.pom
2020-07-10 10:59:55,557 [Worker-17: Importing Maven projects] INFO  o.e.m.c.i.e.AbstractTransferListenerAdapter - Downloading https://repo.maven.apache.org/maven2/org/sonatype/forge/forge-parent/5/forge-parent-5.pom
2020-07-10 10:59:55,610 [Worker-0: Download sources and javadoc] INFO  o.e.m.c.i.e.AbstractTransferListenerAdapter - Downloading https://repo.maven.apache.org/maven2/org/vanilladb/comm/0.1.0/comm-0.1.0-sources.jar
2020-07-10 10:59:55,774 [Worker-17: Importing Maven projects] INFO  o.e.m.c.i.e.AbstractTransferListenerAdapter - Downloaded https://repo.maven.apache.org/maven2/org/sonatype/forge/forge-parent/5/forge-parent-5.pom
2020-07-10 10:59:56,141 [AetherRepositoryConnector-repo.maven.apache.org-1-1] INFO  o.e.m.c.i.e.AbstractTransferListenerAdapter - Downloading https://repo.maven.apache.org/maven2/org/codehaus/plexus/plexus-utils/3.0.24/plexus-utils-3.0.24.jar
2020-07-10 10:59:56,374 [Worker-0: Download sources and javadoc] INFO  o.e.m.c.i.e.AbstractTransferListenerAdapter - Downloaded https://repo.maven.apache.org/maven2/org/vanilladb/comm/0.1.0/comm-0.1.0-sources.jar
2020-07-10 10:59:56,442 [AetherRepositoryConnector-repo.maven.apache.org-1-2] INFO  o.e.m.c.i.e.AbstractTransferListenerAdapter - Downloading https://repo.maven.apache.org/maven2/org/apache/maven/shared/maven-filtering/3.1.1/maven-filtering-3.1.1.jar
2020-07-10 10:59:56,449 [AetherRepositoryConnector-repo.maven.apache.org-1-0] INFO  o.e.m.c.i.e.AbstractTransferListenerAdapter - Downloading https://repo.maven.apache.org/maven2/org/codehaus/plexus/plexus-component-annotations/1.6/plexus-component-annotations-1.6.jar
2020-07-10 10:59:56,449 [AetherRepositoryConnector-repo.maven.apache.org-1-3] INFO  o.e.m.c.i.e.AbstractTransferListenerAdapter - Downloading https://repo.maven.apache.org/maven2/org/sonatype/plexus/plexus-build-api/0.0.7/plexus-build-api-0.0.7.jar
2020-07-10 10:59:56,452 [AetherRepositoryConnector-repo.maven.apache.org-1-4] INFO  o.e.m.c.i.e.AbstractTransferListenerAdapter - Downloading https://repo.maven.apache.org/maven2/org/codehaus/plexus/plexus-interpolation/1.22/plexus-interpolation-1.22.jar
2020-07-10 10:59:56,629 [Worker-0: Download sources and javadoc] INFO  o.e.m.j.internal.DownloadSourcesJob - Downloaded sources for org.vanilladb:comm:0.1.0
2020-07-10 10:59:56,667 [Worker-0: Download sources and javadoc] WARN  o.e.m.c.i.embedder.EclipseLogger - The POM for org.vanilladb:comm:jar:0.1.0 is invalid, transitive dependencies (if any) will not be available, enable debug logging for more details
2020-07-10 10:59:56,667 [AetherRepositoryConnector-repo.maven.apache.org-1-2] INFO  o.e.m.c.i.e.AbstractTransferListenerAdapter - Downloaded https://repo.maven.apache.org/maven2/org/apache/maven/shared/maven-filtering/3.1.1/maven-filtering-3.1.1.jar
2020-07-10 10:59:56,709 [Worker-0: Download sources and javadoc] INFO  o.e.m.j.internal.DownloadSourcesJob - Downloaded sources for org.vanilladb:core:0.3.2
2020-07-10 10:59:56,725 [Worker-0: Download sources and javadoc] INFO  o.e.m.j.internal.DownloadSourcesJob - Downloaded sources for org.vanilladb:comm:0.1.0
2020-07-10 10:59:56,932 [AetherRepositoryConnector-repo.maven.apache.org-1-1] INFO  o.e.m.c.i.e.AbstractTransferListenerAdapter - Downloaded https://repo.maven.apache.org/maven2/org/codehaus/plexus/plexus-utils/3.0.24/plexus-utils-3.0.24.jar
2020-07-10 10:59:56,934 [AetherRepositoryConnector-repo.maven.apache.org-1-3] INFO  o.e.m.c.i.e.AbstractTransferListenerAdapter - Downloaded https://repo.maven.apache.org/maven2/org/sonatype/plexus/plexus-build-api/0.0.7/plexus-build-api-0.0.7.jar
2020-07-10 10:59:56,935 [AetherRepositoryConnector-repo.maven.apache.org-1-0] INFO  o.e.m.c.i.e.AbstractTransferListenerAdapter - Downloaded https://repo.maven.apache.org/maven2/org/codehaus/plexus/plexus-component-annotations/1.6/plexus-component-annotations-1.6.jar
2020-07-10 10:59:56,936 [AetherRepositoryConnector-repo.maven.apache.org-1-4] INFO  o.e.m.c.i.e.AbstractTransferListenerAdapter - Downloaded https://repo.maven.apache.org/maven2/org/codehaus/plexus/plexus-interpolation/1.22/plexus-interpolation-1.22.jar
2020-07-10 10:59:58,710 [Worker-17: Importing Maven projects] INFO  o.e.m.j.i.AbstractJavaProjectConfigurator - Adding source folder /elasql/src/main/java
2020-07-10 10:59:58,711 [Worker-17: Importing Maven projects] INFO  o.e.m.j.i.AbstractJavaProjectConfigurator - Adding resource folder /elasql/src/main/resources
2020-07-10 10:59:58,742 [Worker-17: Importing Maven projects] INFO  o.e.m.j.i.AbstractJavaProjectConfigurator - Adding source folder /elasql/src/test/java
2020-07-10 10:59:59,963 [Worker-17: Importing Maven projects] INFO  o.e.m.j.i.AbstractJavaProjectConfigurator - Adding source folder /elasqlbench/src/main/java
2020-07-10 10:59:59,964 [Worker-17: Importing Maven projects] INFO  o.e.m.j.i.AbstractJavaProjectConfigurator - Adding resource folder /elasqlbench/src/main/resources
2020-07-10 10:59:59,981 [Worker-17: Importing Maven projects] INFO  o.e.m.j.i.AbstractJavaProjectConfigurator - Adding source folder /elasqlbench/src/test/java
2020-07-10 11:00:01,001 [Worker-17: Importing Maven projects] INFO  o.e.m.j.i.AbstractJavaProjectConfigurator - Adding source folder /vanillacore/src/main/java
2020-07-10 11:00:01,002 [Worker-17: Importing Maven projects] INFO  o.e.m.j.i.AbstractJavaProjectConfigurator - Adding resource folder /vanillacore/src/main/resources
2020-07-10 11:00:01,025 [Worker-17: Importing Maven projects] INFO  o.e.m.j.i.AbstractJavaProjectConfigurator - Adding source folder /vanillacore/src/test/java
2020-07-10 11:00:01,025 [Worker-17: Importing Maven projects] INFO  o.e.m.j.i.AbstractJavaProjectConfigurator - Adding resource folder /vanillacore/src/test/resources
2020-07-10 11:00:01,243 [Worker-17: Importing Maven projects] INFO  o.e.m.j.i.AbstractJavaProjectConfigurator - Adding source folder /vanillabench/src/main/java
2020-07-10 11:00:01,244 [Worker-17: Importing Maven projects] INFO  o.e.m.j.i.AbstractJavaProjectConfigurator - Adding resource folder /vanillabench/src/main/resources
2020-07-10 11:00:01,263 [Worker-17: Importing Maven projects] INFO  o.e.m.j.i.AbstractJavaProjectConfigurator - Adding source folder /vanillabench/src/test/java
2020-07-10 11:00:03,387 [Worker-17: Importing Maven projects] INFO  o.e.m.j.i.AbstractJavaProjectConfigurator - Adding source folder /vanillacomm/src/main/java
2020-07-10 11:00:03,387 [Worker-17: Importing Maven projects] INFO  o.e.m.j.i.AbstractJavaProjectConfigurator - Adding resource folder /vanillacomm/src/main/resources
2020-07-10 11:00:03,413 [Worker-17: Importing Maven projects] INFO  o.e.m.j.i.AbstractJavaProjectConfigurator - Adding source folder /vanillacomm/src/test/java
2020-07-10 11:00:03,620 [Worker-17: Importing Maven projects] INFO  o.e.m.c.i.p.ProjectConfigurationManager - Imported and configured 5 project(s) in 38 sec
2020-07-10 11:00:07,675 [Worker-14: Building] INFO  o.e.m.c.i.embedder.EclipseLogger - Using 'UTF-8' encoding to copy filtered resources.
2020-07-10 11:00:07,688 [Worker-14: Building] INFO  o.e.m.c.i.embedder.EclipseLogger - Copying 4 resources
2020-07-10 11:00:07,814 [Worker-14: Building] INFO  o.e.m.c.i.embedder.EclipseLogger - Using 'UTF-8' encoding to copy filtered resources.
2020-07-10 11:00:07,815 [Worker-14: Building] INFO  o.e.m.c.i.embedder.EclipseLogger - Copying 4 resources
2020-07-10 11:00:07,842 [Worker-14: Building] INFO  o.e.m.c.i.embedder.EclipseLogger - Using 'UTF-8' encoding to copy filtered resources.
2020-07-10 11:00:07,842 [Worker-14: Building] INFO  o.e.m.c.i.embedder.EclipseLogger - skip non existing resourceDirectory D:\data_\database\vanilla_full\elasql\src\test\resources
2020-07-10 11:00:09,159 [Worker-16: Building] INFO  o.e.m.c.i.embedder.EclipseLogger - Using 'UTF-8' encoding to copy filtered resources.
2020-07-10 11:00:09,161 [Worker-16: Building] INFO  o.e.m.c.i.embedder.EclipseLogger - Copying 5 resources
2020-07-10 11:00:09,260 [Worker-16: Building] INFO  o.e.m.c.i.embedder.EclipseLogger - Using 'UTF-8' encoding to copy filtered resources.
2020-07-10 11:00:09,261 [Worker-16: Building] INFO  o.e.m.c.i.embedder.EclipseLogger - Copying 5 resources
2020-07-10 11:00:09,292 [Worker-16: Building] INFO  o.e.m.c.i.embedder.EclipseLogger - Using 'UTF-8' encoding to copy filtered resources.
2020-07-10 11:00:09,293 [Worker-16: Building] INFO  o.e.m.c.i.embedder.EclipseLogger - skip non existing resourceDirectory D:\data_\database\vanilla_full\elasqlbench\src\test\resources
2020-07-10 11:00:11,057 [Worker-16: Building] INFO  o.e.m.c.i.embedder.EclipseLogger - Using 'UTF-8' encoding to copy filtered resources.
2020-07-10 11:00:11,058 [Worker-16: Building] INFO  o.e.m.c.i.embedder.EclipseLogger - Copying 2 resources
2020-07-10 11:00:11,105 [Worker-16: Building] INFO  o.e.m.c.i.embedder.EclipseLogger - Using 'UTF-8' encoding to copy filtered resources.
2020-07-10 11:00:11,106 [Worker-16: Building] INFO  o.e.m.c.i.embedder.EclipseLogger - skip non existing resourceDirectory D:\data_\database\vanilla_full\vanillacomm\src\test\resources
2020-07-10 11:00:18,652 [Worker-16: Building] INFO  o.e.m.c.i.embedder.EclipseLogger - Using 'UTF-8' encoding to copy filtered resources.
2020-07-10 11:00:18,653 [Worker-16: Building] INFO  o.e.m.c.i.embedder.EclipseLogger - Copying 2 resources
2020-07-10 11:00:18,703 [Worker-16: Building] INFO  o.e.m.c.i.embedder.EclipseLogger - Using 'UTF-8' encoding to copy filtered resources.
2020-07-10 11:00:18,703 [Worker-16: Building] INFO  o.e.m.c.i.embedder.EclipseLogger - Copying 2 resources
2020-07-10 11:00:18,720 [Worker-16: Building] INFO  o.e.m.c.i.embedder.EclipseLogger - Using 'UTF-8' encoding to copy filtered resources.
2020-07-10 11:00:18,721 [Worker-16: Building] INFO  o.e.m.c.i.embedder.EclipseLogger - Copying 2 resources
2020-07-10 11:00:22,041 [Worker-1: Building] INFO  o.e.m.c.i.p.WorkspaceClassifierResolverManager - Resolving P/vanillacore: org.vanilladb:core:0.4.0 with classifier  to /vanillacore/target/classes
2020-07-10 11:00:22,057 [Worker-1: Building] INFO  o.e.m.c.i.embedder.EclipseLogger - Using 'UTF-8' encoding to copy filtered resources.
2020-07-10 11:00:22,059 [Worker-1: Building] INFO  o.e.m.c.i.embedder.EclipseLogger - Copying 1 resource
2020-07-10 11:00:22,079 [Worker-1: Building] INFO  o.e.m.c.i.embedder.EclipseLogger - Copying 1 resource
2020-07-10 11:00:22,180 [Worker-1: Building] INFO  o.e.m.c.i.embedder.EclipseLogger - Copying 1 resource
2020-07-10 11:00:22,355 [Worker-1: Building] INFO  o.e.m.c.i.embedder.EclipseLogger - Using 'UTF-8' encoding to copy filtered resources.
2020-07-10 11:00:22,356 [Worker-1: Building] INFO  o.e.m.c.i.embedder.EclipseLogger - Copying 3 resources
2020-07-10 11:00:22,377 [Worker-1: Building] INFO  o.e.m.c.i.embedder.EclipseLogger - Using 'UTF-8' encoding to copy filtered resources.
2020-07-10 11:00:22,378 [Worker-1: Building] INFO  o.e.m.c.i.embedder.EclipseLogger - skip non existing resourceDirectory D:\data_\database\vanilla_full\vanillabench\src\test\resources
2020-07-10 11:05:54,490 [Worker-21: Building] INFO  o.e.m.c.i.l.LifecycleMappingFactory - Using org.eclipse.m2e.jdt.JarLifecycleMapping lifecycle mapping for MavenProject: org.elasql:elasql:0.2.1 @ D:\data_\database\vanilla_full\elasql\pom.xml.
2020-07-10 11:05:54,516 [Worker-21: Building] INFO  o.e.m.c.i.p.WorkspaceClassifierResolverManager - Resolving P/vanillacore: org.vanilladb:core:0.4.0 with classifier  to /vanillacore/target/classes
2020-07-10 11:05:54,517 [Worker-21: Building] INFO  o.e.m.c.i.p.WorkspaceClassifierResolverManager - Resolving P/vanillacomm: org.vanilladb:comm:0.2.2 with classifier  to /vanillacomm/target/classes
2020-07-10 11:05:54,664 [Worker-21: Building] INFO  o.e.m.c.i.l.LifecycleMappingFactory - Using org.eclipse.m2e.jdt.JarLifecycleMapping lifecycle mapping for MavenProject: org.elasql:bench:0.2.1 @ D:\data_\database\vanilla_full\elasqlbench\pom.xml.
2020-07-10 11:05:54,670 [Worker-21: Building] INFO  o.e.m.c.i.p.WorkspaceClassifierResolverManager - Resolving P/vanillabench: org.vanilladb:bench:0.4.0 with classifier  to /vanillabench/target/classes
2020-07-10 11:05:54,670 [Worker-21: Building] INFO  o.e.m.c.i.p.WorkspaceClassifierResolverManager - Resolving P/vanillacore: org.vanilladb:core:0.4.0 with classifier  to /vanillacore/target/classes
2020-07-10 11:05:54,670 [Worker-21: Building] INFO  o.e.m.c.i.p.WorkspaceClassifierResolverManager - Resolving P/elasql: org.elasql:elasql:0.2.1 with classifier  to /elasql/target/classes
2020-07-10 11:05:54,671 [Worker-21: Building] INFO  o.e.m.c.i.p.WorkspaceClassifierResolverManager - Resolving P/vanillacomm: org.vanilladb:comm:0.2.2 with classifier  to /vanillacomm/target/classes
2020-07-10 11:05:55,106 [Worker-21: Building] INFO  o.e.m.c.i.embedder.EclipseLogger - Using 'UTF-8' encoding to copy filtered resources.
2020-07-10 11:05:55,112 [Worker-21: Building] INFO  o.e.m.c.i.embedder.EclipseLogger - Copying 2 resources
2020-07-10 11:05:55,165 [Worker-21: Building] INFO  o.e.m.c.i.embedder.EclipseLogger - Using 'UTF-8' encoding to copy filtered resources.
2020-07-10 11:05:55,173 [Worker-21: Building] INFO  o.e.m.c.i.embedder.EclipseLogger - Copying 4 resources
2020-07-10 11:05:55,195 [Worker-21: Building] INFO  o.e.m.c.i.embedder.EclipseLogger - Using 'UTF-8' encoding to copy filtered resources.
2020-07-10 11:05:55,195 [Worker-21: Building] INFO  o.e.m.c.i.embedder.EclipseLogger - skip non existing resourceDirectory D:\data_\database\vanilla_full\elasql\src\test\resources
2020-07-10 11:05:57,854 [Worker-23: Building] INFO  o.e.m.c.i.p.WorkspaceClassifierResolverManager - Resolving P/vanillacore: org.vanilladb:core:0.4.0 with classifier  to /vanillacore/target/classes
2020-07-10 11:05:57,856 [Worker-23: Building] INFO  o.e.m.c.i.p.WorkspaceClassifierResolverManager - Resolving P/vanillacomm: org.vanilladb:comm:0.2.2 with classifier  to /vanillacomm/target/classes
2020-07-10 11:05:57,864 [Worker-23: Building] INFO  o.e.m.c.i.embedder.EclipseLogger - Using 'UTF-8' encoding to copy filtered resources.
2020-07-10 11:05:57,865 [Worker-23: Building] INFO  o.e.m.c.i.embedder.EclipseLogger - Copying 0 resource
2020-07-10 11:05:57,867 [Worker-23: Building] INFO  o.e.m.c.i.embedder.EclipseLogger - Using 'UTF-8' encoding to copy filtered resources.
2020-07-10 11:05:57,869 [Worker-23: Building] INFO  o.e.m.c.i.embedder.EclipseLogger - Copying 4 resources
2020-07-10 11:05:57,899 [Worker-23: Building] INFO  o.e.m.c.i.embedder.EclipseLogger - Using 'UTF-8' encoding to copy filtered resources.
2020-07-10 11:05:57,899 [Worker-23: Building] INFO  o.e.m.c.i.embedder.EclipseLogger - skip non existing resourceDirectory D:\data_\database\vanilla_full\elasql\src\test\resources
2020-07-10 11:05:59,209 [Worker-22: Building] INFO  o.e.m.c.i.p.WorkspaceClassifierResolverManager - Resolving P/vanillabench: org.vanilladb:bench:0.4.0 with classifier  to /vanillabench/target/classes
2020-07-10 11:05:59,209 [Worker-22: Building] INFO  o.e.m.c.i.p.WorkspaceClassifierResolverManager - Resolving P/vanillacore: org.vanilladb:core:0.4.0 with classifier  to /vanillacore/target/classes
2020-07-10 11:05:59,210 [Worker-22: Building] INFO  o.e.m.c.i.p.WorkspaceClassifierResolverManager - Resolving P/elasql: org.elasql:elasql:0.2.1 with classifier  to /elasql/target/classes
2020-07-10 11:05:59,210 [Worker-22: Building] INFO  o.e.m.c.i.p.WorkspaceClassifierResolverManager - Resolving P/vanillacomm: org.vanilladb:comm:0.2.2 with classifier  to /vanillacomm/target/classes
2020-07-10 11:05:59,216 [Worker-22: Building] INFO  o.e.m.c.i.embedder.EclipseLogger - Using 'UTF-8' encoding to copy filtered resources.
2020-07-10 11:05:59,217 [Worker-22: Building] INFO  o.e.m.c.i.embedder.EclipseLogger - Copying 5 resources
2020-07-10 11:05:59,277 [Worker-22: Building] INFO  o.e.m.c.i.embedder.EclipseLogger - Using 'UTF-8' encoding to copy filtered resources.
2020-07-10 11:05:59,281 [Worker-22: Building] INFO  o.e.m.c.i.embedder.EclipseLogger - Copying 6 resources
2020-07-10 11:05:59,322 [Worker-22: Building] INFO  o.e.m.c.i.embedder.EclipseLogger - Using 'UTF-8' encoding to copy filtered resources.
2020-07-10 11:05:59,322 [Worker-22: Building] INFO  o.e.m.c.i.embedder.EclipseLogger - skip non existing resourceDirectory D:\data_\database\vanilla_full\elasqlbench\src\test\resources
2020-07-10 11:16:06,457 [Worker-21: Launching server] INFO  o.e.m.c.i.p.WorkspaceClassifierResolverManager - Resolving P/vanillabench: org.vanilladb:bench:0.4.0 with classifier null to /vanillabench/target/classes
2020-07-10 11:16:06,458 [Worker-21: Launching server] INFO  o.e.m.c.i.p.WorkspaceClassifierResolverManager - Resolving P/vanillacore: org.vanilladb:core:0.4.0 with classifier null to /vanillacore/target/classes
2020-07-10 11:16:06,458 [Worker-21: Launching server] INFO  o.e.m.c.i.p.WorkspaceClassifierResolverManager - Resolving P/elasql: org.elasql:elasql:0.2.1 with classifier null to /elasql/target/classes
2020-07-10 11:16:06,459 [Worker-21: Launching server] INFO  o.e.m.c.i.p.WorkspaceClassifierResolverManager - Resolving P/vanillacomm: org.vanilladb:comm:0.2.2 with classifier null to /vanillacomm/target/classes
2020-07-10 11:16:06,544 [Worker-21: Launching server] INFO  o.e.m.c.i.p.WorkspaceClassifierResolverManager - Resolving P/vanillabench: org.vanilladb:bench:0.4.0 with classifier null to /vanillabench/target/classes
2020-07-10 11:16:06,544 [Worker-21: Launching server] INFO  o.e.m.c.i.p.WorkspaceClassifierResolverManager - Resolving P/vanillacore: org.vanilladb:core:0.4.0 with classifier null to /vanillacore/target/classes
2020-07-10 11:16:06,544 [Worker-21: Launching server] INFO  o.e.m.c.i.p.WorkspaceClassifierResolverManager - Resolving P/elasql: org.elasql:elasql:0.2.1 with classifier null to /elasql/target/classes
2020-07-10 11:16:06,544 [Worker-21: Launching server] INFO  o.e.m.c.i.p.WorkspaceClassifierResolverManager - Resolving P/vanillacomm: org.vanilladb:comm:0.2.2 with classifier null to /vanillacomm/target/classes
2020-07-10 11:16:06,595 [Worker-21: Launching server] INFO  o.e.m.c.i.p.WorkspaceClassifierResolverManager - Resolving P/vanillabench: org.vanilladb:bench:0.4.0 with classifier null to /vanillabench/target/classes
2020-07-10 11:16:06,596 [Worker-21: Launching server] INFO  o.e.m.c.i.p.WorkspaceClassifierResolverManager - Resolving P/vanillacore: org.vanilladb:core:0.4.0 with classifier null to /vanillacore/target/classes
2020-07-10 11:16:06,596 [Worker-21: Launching server] INFO  o.e.m.c.i.p.WorkspaceClassifierResolverManager - Resolving P/elasql: org.elasql:elasql:0.2.1 with classifier null to /elasql/target/classes
2020-07-10 11:16:06,596 [Worker-21: Launching server] INFO  o.e.m.c.i.p.WorkspaceClassifierResolverManager - Resolving P/vanillacomm: org.vanilladb:comm:0.2.2 with classifier null to /vanillacomm/target/classes
2020-07-10 11:18:41,406 [main] INFO  o.e.m.c.i.p.WorkspaceClassifierResolverManager - Resolving P/vanillabench: org.vanilladb:bench:0.4.0 with classifier null to /vanillabench/target/classes
2020-07-10 11:18:41,407 [main] INFO  o.e.m.c.i.p.WorkspaceClassifierResolverManager - Resolving P/vanillacore: org.vanilladb:core:0.4.0 with classifier null to /vanillacore/target/classes
2020-07-10 11:18:41,407 [main] INFO  o.e.m.c.i.p.WorkspaceClassifierResolverManager - Resolving P/elasql: org.elasql:elasql:0.2.1 with classifier null to /elasql/target/classes
2020-07-10 11:18:41,407 [main] INFO  o.e.m.c.i.p.WorkspaceClassifierResolverManager - Resolving P/vanillacomm: org.vanilladb:comm:0.2.2 with classifier null to /vanillacomm/target/classes
2020-07-10 11:21:33,664 [main] INFO  o.e.m.c.i.p.WorkspaceClassifierResolverManager - Resolving P/vanillabench: org.vanilladb:bench:0.4.0 with classifier null to /vanillabench/target/classes
2020-07-10 11:21:33,665 [main] INFO  o.e.m.c.i.p.WorkspaceClassifierResolverManager - Resolving P/vanillacore: org.vanilladb:core:0.4.0 with classifier null to /vanillacore/target/classes
2020-07-10 11:21:33,665 [main] INFO  o.e.m.c.i.p.WorkspaceClassifierResolverManager - Resolving P/elasql: org.elasql:elasql:0.2.1 with classifier null to /elasql/target/classes
2020-07-10 11:21:33,665 [main] INFO  o.e.m.c.i.p.WorkspaceClassifierResolverManager - Resolving P/vanillacomm: org.vanilladb:comm:0.2.2 with classifier null to /vanillacomm/target/classes
2020-07-10 11:35:02,584 [main] INFO  o.e.m.c.i.p.WorkspaceClassifierResolverManager - Resolving P/vanillabench: org.vanilladb:bench:0.4.0 with classifier null to /vanillabench/target/classes
2020-07-10 11:35:02,618 [main] INFO  o.e.m.c.i.p.WorkspaceClassifierResolverManager - Resolving P/vanillacore: org.vanilladb:core:0.4.0 with classifier null to /vanillacore/target/classes
2020-07-10 11:35:02,620 [main] INFO  o.e.m.c.i.p.WorkspaceClassifierResolverManager - Resolving P/elasql: org.elasql:elasql:0.2.1 with classifier null to /elasql/target/classes
2020-07-10 11:35:02,623 [main] INFO  o.e.m.c.i.p.WorkspaceClassifierResolverManager - Resolving P/vanillacomm: org.vanilladb:comm:0.2.2 with classifier null to /vanillacomm/target/classes
2020-07-10 11:35:03,552 [main] INFO  o.e.m.c.i.p.WorkspaceClassifierResolverManager - Resolving P/vanillabench: org.vanilladb:bench:0.4.0 with classifier null to /vanillabench/target/classes
2020-07-10 11:35:03,553 [main] INFO  o.e.m.c.i.p.WorkspaceClassifierResolverManager - Resolving P/vanillacore: org.vanilladb:core:0.4.0 with classifier null to /vanillacore/target/classes
2020-07-10 11:35:03,553 [main] INFO  o.e.m.c.i.p.WorkspaceClassifierResolverManager - Resolving P/elasql: org.elasql:elasql:0.2.1 with classifier null to /elasql/target/classes
2020-07-10 11:35:03,553 [main] INFO  o.e.m.c.i.p.WorkspaceClassifierResolverManager - Resolving P/vanillacomm: org.vanilladb:comm:0.2.2 with classifier null to /vanillacomm/target/classes
2020-07-10 11:35:50,346 [main] INFO  o.e.m.c.i.p.WorkspaceClassifierResolverManager - Resolving P/vanillabench: org.vanilladb:bench:0.4.0 with classifier null to /vanillabench/target/classes
2020-07-10 11:35:50,347 [main] INFO  o.e.m.c.i.p.WorkspaceClassifierResolverManager - Resolving P/vanillacore: org.vanilladb:core:0.4.0 with classifier null to /vanillacore/target/classes
2020-07-10 11:35:50,347 [main] INFO  o.e.m.c.i.p.WorkspaceClassifierResolverManager - Resolving P/elasql: org.elasql:elasql:0.2.1 with classifier null to /elasql/target/classes
2020-07-10 11:35:50,348 [main] INFO  o.e.m.c.i.p.WorkspaceClassifierResolverManager - Resolving P/vanillacomm: org.vanilladb:comm:0.2.2 with classifier null to /vanillacomm/target/classes
2020-07-10 11:35:52,480 [main] INFO  o.e.m.c.i.p.WorkspaceClassifierResolverManager - Resolving P/vanillabench: org.vanilladb:bench:0.4.0 with classifier null to /vanillabench/target/classes
2020-07-10 11:35:52,481 [main] INFO  o.e.m.c.i.p.WorkspaceClassifierResolverManager - Resolving P/vanillacore: org.vanilladb:core:0.4.0 with classifier null to /vanillacore/target/classes
2020-07-10 11:35:52,481 [main] INFO  o.e.m.c.i.p.WorkspaceClassifierResolverManager - Resolving P/elasql: org.elasql:elasql:0.2.1 with classifier null to /elasql/target/classes
2020-07-10 11:35:52,481 [main] INFO  o.e.m.c.i.p.WorkspaceClassifierResolverManager - Resolving P/vanillacomm: org.vanilladb:comm:0.2.2 with classifier null to /vanillacomm/target/classes
2020-07-17 16:30:14,613 [Worker-4: Loading available Gradle versions] INFO  o.e.b.c.i.u.g.PublishedGradleVersions - Gradle version information cache is out-of-date. Trying to update.
2020-07-17 16:30:15,787 [Worker-1: reload maven project] INFO  o.e.m.c.i.p.WorkspaceClassifierResolverManager - Resolving P/vanillacore: org.vanilladb:core:0.4.0 with classifier  to /vanillacore/target/classes
2020-07-17 16:30:15,795 [Worker-1: reload maven project] INFO  o.e.m.c.i.p.WorkspaceClassifierResolverManager - Resolving P/vanillacomm: org.vanilladb:comm:0.2.2 with classifier  to /vanillacomm/target/classes
2020-07-17 19:09:33,243 [Worker-1: Loading available Gradle versions] INFO  o.e.b.c.i.u.g.PublishedGradleVersions - Gradle version information cache is up-to-date. Trying to read.
2020-07-17 19:09:34,054 [Worker-6: reload maven project] INFO  o.e.m.c.i.p.WorkspaceClassifierResolverManager - Resolving P/vanillacore: org.vanilladb:core:0.4.0 with classifier  to /vanillacore/target/classes
2020-07-17 19:09:34,063 [Worker-6: reload maven project] INFO  o.e.m.c.i.p.WorkspaceClassifierResolverManager - Resolving P/vanillacomm: org.vanilladb:comm:0.2.2 with classifier  to /vanillacomm/target/classes
2020-07-17 19:10:16,667 [main] INFO  o.e.m.c.i.p.WorkspaceClassifierResolverManager - Resolving P/vanillabench: org.vanilladb:bench:0.4.0 with classifier  to /vanillabench/target/classes
2020-07-17 19:10:16,667 [main] INFO  o.e.m.c.i.p.WorkspaceClassifierResolverManager - Resolving P/vanillacore: org.vanilladb:core:0.4.0 with classifier  to /vanillacore/target/classes
2020-07-17 19:10:16,668 [main] INFO  o.e.m.c.i.p.WorkspaceClassifierResolverManager - Resolving P/elasql: org.elasql:elasql:0.2.1 with classifier  to /elasql/target/classes
2020-07-17 19:10:16,668 [main] INFO  o.e.m.c.i.p.WorkspaceClassifierResolverManager - Resolving P/vanillacomm: org.vanilladb:comm:0.2.2 with classifier  to /vanillacomm/target/classes
2020-07-17 19:10:16,696 [main] INFO  o.e.m.c.i.p.WorkspaceClassifierResolverManager - Resolving P/vanillabench: org.vanilladb:bench:0.4.0 with classifier null to /vanillabench/target/classes
2020-07-17 19:10:16,697 [main] INFO  o.e.m.c.i.p.WorkspaceClassifierResolverManager - Resolving P/vanillacore: org.vanilladb:core:0.4.0 with classifier null to /vanillacore/target/classes
2020-07-17 19:10:16,697 [main] INFO  o.e.m.c.i.p.WorkspaceClassifierResolverManager - Resolving P/elasql: org.elasql:elasql:0.2.1 with classifier null to /elasql/target/classes
2020-07-17 19:10:16,697 [main] INFO  o.e.m.c.i.p.WorkspaceClassifierResolverManager - Resolving P/vanillacomm: org.vanilladb:comm:0.2.2 with classifier null to /vanillacomm/target/classes
2020-07-17 19:10:20,121 [main] INFO  o.e.m.c.i.p.WorkspaceClassifierResolverManager - Resolving P/vanillabench: org.vanilladb:bench:0.4.0 with classifier null to /vanillabench/target/classes
2020-07-17 19:10:20,121 [main] INFO  o.e.m.c.i.p.WorkspaceClassifierResolverManager - Resolving P/vanillacore: org.vanilladb:core:0.4.0 with classifier null to /vanillacore/target/classes
2020-07-17 19:10:20,121 [main] INFO  o.e.m.c.i.p.WorkspaceClassifierResolverManager - Resolving P/elasql: org.elasql:elasql:0.2.1 with classifier null to /elasql/target/classes
2020-07-17 19:10:20,121 [main] INFO  o.e.m.c.i.p.WorkspaceClassifierResolverManager - Resolving P/vanillacomm: org.vanilladb:comm:0.2.2 with classifier null to /vanillacomm/target/classes
2020-07-17 19:11:14,533 [main] INFO  o.e.m.c.i.p.WorkspaceClassifierResolverManager - Resolving P/vanillabench: org.vanilladb:bench:0.4.0 with classifier null to /vanillabench/target/classes
2020-07-17 19:11:14,533 [main] INFO  o.e.m.c.i.p.WorkspaceClassifierResolverManager - Resolving P/vanillacore: org.vanilladb:core:0.4.0 with classifier null to /vanillacore/target/classes
2020-07-17 19:11:14,533 [main] INFO  o.e.m.c.i.p.WorkspaceClassifierResolverManager - Resolving P/elasql: org.elasql:elasql:0.2.1 with classifier null to /elasql/target/classes
2020-07-17 19:11:14,533 [main] INFO  o.e.m.c.i.p.WorkspaceClassifierResolverManager - Resolving P/vanillacomm: org.vanilladb:comm:0.2.2 with classifier null to /vanillacomm/target/classes
2020-07-17 19:11:15,816 [main] INFO  o.e.m.c.i.p.WorkspaceClassifierResolverManager - Resolving P/vanillabench: org.vanilladb:bench:0.4.0 with classifier null to /vanillabench/target/classes
2020-07-17 19:11:15,816 [main] INFO  o.e.m.c.i.p.WorkspaceClassifierResolverManager - Resolving P/vanillacore: org.vanilladb:core:0.4.0 with classifier null to /vanillacore/target/classes
2020-07-17 19:11:15,817 [main] INFO  o.e.m.c.i.p.WorkspaceClassifierResolverManager - Resolving P/elasql: org.elasql:elasql:0.2.1 with classifier null to /elasql/target/classes
2020-07-17 19:11:15,817 [main] INFO  o.e.m.c.i.p.WorkspaceClassifierResolverManager - Resolving P/vanillacomm: org.vanilladb:comm:0.2.2 with classifier null to /vanillacomm/target/classes
2020-07-17 19:11:38,564 [main] INFO  o.e.m.c.i.p.WorkspaceClassifierResolverManager - Resolving P/vanillabench: org.vanilladb:bench:0.4.0 with classifier null to /vanillabench/target/classes
2020-07-17 19:11:38,564 [main] INFO  o.e.m.c.i.p.WorkspaceClassifierResolverManager - Resolving P/vanillacore: org.vanilladb:core:0.4.0 with classifier null to /vanillacore/target/classes
2020-07-17 19:11:38,565 [main] INFO  o.e.m.c.i.p.WorkspaceClassifierResolverManager - Resolving P/elasql: org.elasql:elasql:0.2.1 with classifier null to /elasql/target/classes
2020-07-17 19:11:38,565 [main] INFO  o.e.m.c.i.p.WorkspaceClassifierResolverManager - Resolving P/vanillacomm: org.vanilladb:comm:0.2.2 with classifier null to /vanillacomm/target/classes
2020-07-17 19:11:42,820 [main] INFO  o.e.m.c.i.p.WorkspaceClassifierResolverManager - Resolving P/vanillabench: org.vanilladb:bench:0.4.0 with classifier null to /vanillabench/target/classes
2020-07-17 19:11:42,820 [main] INFO  o.e.m.c.i.p.WorkspaceClassifierResolverManager - Resolving P/vanillacore: org.vanilladb:core:0.4.0 with classifier null to /vanillacore/target/classes
2020-07-17 19:11:42,820 [main] INFO  o.e.m.c.i.p.WorkspaceClassifierResolverManager - Resolving P/elasql: org.elasql:elasql:0.2.1 with classifier null to /elasql/target/classes
2020-07-17 19:11:42,820 [main] INFO  o.e.m.c.i.p.WorkspaceClassifierResolverManager - Resolving P/vanillacomm: org.vanilladb:comm:0.2.2 with classifier null to /vanillacomm/target/classes
2020-07-17 19:12:29,140 [main] INFO  o.e.m.c.i.p.WorkspaceClassifierResolverManager - Resolving P/vanillabench: org.vanilladb:bench:0.4.0 with classifier null to /vanillabench/target/classes
2020-07-17 19:12:29,140 [main] INFO  o.e.m.c.i.p.WorkspaceClassifierResolverManager - Resolving P/vanillacore: org.vanilladb:core:0.4.0 with classifier null to /vanillacore/target/classes
2020-07-17 19:12:29,140 [main] INFO  o.e.m.c.i.p.WorkspaceClassifierResolverManager - Resolving P/elasql: org.elasql:elasql:0.2.1 with classifier null to /elasql/target/classes
2020-07-17 19:12:29,140 [main] INFO  o.e.m.c.i.p.WorkspaceClassifierResolverManager - Resolving P/vanillacomm: org.vanilladb:comm:0.2.2 with classifier null to /vanillacomm/target/classes
2020-07-17 19:12:32,752 [main] INFO  o.e.m.c.i.p.WorkspaceClassifierResolverManager - Resolving P/vanillabench: org.vanilladb:bench:0.4.0 with classifier null to /vanillabench/target/classes
2020-07-17 19:12:32,752 [main] INFO  o.e.m.c.i.p.WorkspaceClassifierResolverManager - Resolving P/vanillacore: org.vanilladb:core:0.4.0 with classifier null to /vanillacore/target/classes
2020-07-17 19:12:32,752 [main] INFO  o.e.m.c.i.p.WorkspaceClassifierResolverManager - Resolving P/elasql: org.elasql:elasql:0.2.1 with classifier null to /elasql/target/classes
2020-07-17 19:12:32,752 [main] INFO  o.e.m.c.i.p.WorkspaceClassifierResolverManager - Resolving P/vanillacomm: org.vanilladb:comm:0.2.2 with classifier null to /vanillacomm/target/classes
2020-07-17 19:13:11,737 [main] INFO  o.e.m.c.i.p.WorkspaceClassifierResolverManager - Resolving P/vanillabench: org.vanilladb:bench:0.4.0 with classifier null to /vanillabench/target/classes
2020-07-17 19:13:11,737 [main] INFO  o.e.m.c.i.p.WorkspaceClassifierResolverManager - Resolving P/vanillacore: org.vanilladb:core:0.4.0 with classifier null to /vanillacore/target/classes
2020-07-17 19:13:11,738 [main] INFO  o.e.m.c.i.p.WorkspaceClassifierResolverManager - Resolving P/elasql: org.elasql:elasql:0.2.1 with classifier null to /elasql/target/classes
2020-07-17 19:13:11,738 [main] INFO  o.e.m.c.i.p.WorkspaceClassifierResolverManager - Resolving P/vanillacomm: org.vanilladb:comm:0.2.2 with classifier null to /vanillacomm/target/classes
2020-07-17 19:13:13,889 [main] INFO  o.e.m.c.i.p.WorkspaceClassifierResolverManager - Resolving P/vanillabench: org.vanilladb:bench:0.4.0 with classifier null to /vanillabench/target/classes
2020-07-17 19:13:13,890 [main] INFO  o.e.m.c.i.p.WorkspaceClassifierResolverManager - Resolving P/vanillacore: org.vanilladb:core:0.4.0 with classifier null to /vanillacore/target/classes
2020-07-17 19:13:13,890 [main] INFO  o.e.m.c.i.p.WorkspaceClassifierResolverManager - Resolving P/elasql: org.elasql:elasql:0.2.1 with classifier null to /elasql/target/classes
2020-07-17 19:13:13,890 [main] INFO  o.e.m.c.i.p.WorkspaceClassifierResolverManager - Resolving P/vanillacomm: org.vanilladb:comm:0.2.2 with classifier null to /vanillacomm/target/classes
2020-07-17 19:19:57,272 [main] INFO  o.e.m.c.i.p.WorkspaceClassifierResolverManager - Resolving P/vanillabench: org.vanilladb:bench:0.4.0 with classifier null to /vanillabench/target/classes
2020-07-17 19:19:57,273 [main] INFO  o.e.m.c.i.p.WorkspaceClassifierResolverManager - Resolving P/vanillacore: org.vanilladb:core:0.4.0 with classifier null to /vanillacore/target/classes
2020-07-17 19:19:57,273 [main] INFO  o.e.m.c.i.p.WorkspaceClassifierResolverManager - Resolving P/elasql: org.elasql:elasql:0.2.1 with classifier null to /elasql/target/classes
2020-07-17 19:19:57,273 [main] INFO  o.e.m.c.i.p.WorkspaceClassifierResolverManager - Resolving P/vanillacomm: org.vanilladb:comm:0.2.2 with classifier null to /vanillacomm/target/classes
2020-07-17 19:20:01,277 [main] INFO  o.e.m.c.i.p.WorkspaceClassifierResolverManager - Resolving P/vanillabench: org.vanilladb:bench:0.4.0 with classifier null to /vanillabench/target/classes
2020-07-17 19:20:01,277 [main] INFO  o.e.m.c.i.p.WorkspaceClassifierResolverManager - Resolving P/vanillacore: org.vanilladb:core:0.4.0 with classifier null to /vanillacore/target/classes
2020-07-17 19:20:01,277 [main] INFO  o.e.m.c.i.p.WorkspaceClassifierResolverManager - Resolving P/elasql: org.elasql:elasql:0.2.1 with classifier null to /elasql/target/classes
2020-07-17 19:20:01,277 [main] INFO  o.e.m.c.i.p.WorkspaceClassifierResolverManager - Resolving P/vanillacomm: org.vanilladb:comm:0.2.2 with classifier null to /vanillacomm/target/classes
2020-07-17 19:22:54,293 [main] INFO  o.e.m.c.i.p.WorkspaceClassifierResolverManager - Resolving P/vanillabench: org.vanilladb:bench:0.4.0 with classifier null to /vanillabench/target/classes
2020-07-17 19:22:54,293 [main] INFO  o.e.m.c.i.p.WorkspaceClassifierResolverManager - Resolving P/vanillacore: org.vanilladb:core:0.4.0 with classifier null to /vanillacore/target/classes
2020-07-17 19:22:54,293 [main] INFO  o.e.m.c.i.p.WorkspaceClassifierResolverManager - Resolving P/elasql: org.elasql:elasql:0.2.1 with classifier null to /elasql/target/classes
2020-07-17 19:22:54,293 [main] INFO  o.e.m.c.i.p.WorkspaceClassifierResolverManager - Resolving P/vanillacomm: org.vanilladb:comm:0.2.2 with classifier null to /vanillacomm/target/classes
2020-07-17 19:23:35,023 [main] INFO  o.e.m.c.i.p.WorkspaceClassifierResolverManager - Resolving P/vanillabench: org.vanilladb:bench:0.4.0 with classifier null to /vanillabench/target/classes
2020-07-17 19:23:35,024 [main] INFO  o.e.m.c.i.p.WorkspaceClassifierResolverManager - Resolving P/vanillacore: org.vanilladb:core:0.4.0 with classifier null to /vanillacore/target/classes
2020-07-17 19:23:35,024 [main] INFO  o.e.m.c.i.p.WorkspaceClassifierResolverManager - Resolving P/elasql: org.elasql:elasql:0.2.1 with classifier null to /elasql/target/classes
2020-07-17 19:23:35,024 [main] INFO  o.e.m.c.i.p.WorkspaceClassifierResolverManager - Resolving P/vanillacomm: org.vanilladb:comm:0.2.2 with classifier null to /vanillacomm/target/classes
2020-07-17 19:23:35,168 [main] INFO  o.e.m.c.i.p.WorkspaceClassifierResolverManager - Resolving P/vanillabench: org.vanilladb:bench:0.4.0 with classifier null to /vanillabench/target/classes
2020-07-17 19:23:35,168 [main] INFO  o.e.m.c.i.p.WorkspaceClassifierResolverManager - Resolving P/vanillacore: org.vanilladb:core:0.4.0 with classifier null to /vanillacore/target/classes
2020-07-17 19:23:35,169 [main] INFO  o.e.m.c.i.p.WorkspaceClassifierResolverManager - Resolving P/elasql: org.elasql:elasql:0.2.1 with classifier null to /elasql/target/classes
2020-07-17 19:23:35,169 [main] INFO  o.e.m.c.i.p.WorkspaceClassifierResolverManager - Resolving P/vanillacomm: org.vanilladb:comm:0.2.2 with classifier null to /vanillacomm/target/classes
2020-07-17 19:23:54,031 [main] INFO  o.e.m.c.i.p.WorkspaceClassifierResolverManager - Resolving P/vanillabench: org.vanilladb:bench:0.4.0 with classifier null to /vanillabench/target/classes
2020-07-17 19:23:54,031 [main] INFO  o.e.m.c.i.p.WorkspaceClassifierResolverManager - Resolving P/vanillacore: org.vanilladb:core:0.4.0 with classifier null to /vanillacore/target/classes
2020-07-17 19:23:54,032 [main] INFO  o.e.m.c.i.p.WorkspaceClassifierResolverManager - Resolving P/elasql: org.elasql:elasql:0.2.1 with classifier null to /elasql/target/classes
2020-07-17 19:23:54,032 [main] INFO  o.e.m.c.i.p.WorkspaceClassifierResolverManager - Resolving P/vanillacomm: org.vanilladb:comm:0.2.2 with classifier null to /vanillacomm/target/classes
2020-07-17 19:23:54,168 [main] INFO  o.e.m.c.i.p.WorkspaceClassifierResolverManager - Resolving P/vanillabench: org.vanilladb:bench:0.4.0 with classifier null to /vanillabench/target/classes
2020-07-17 19:23:54,168 [main] INFO  o.e.m.c.i.p.WorkspaceClassifierResolverManager - Resolving P/vanillacore: org.vanilladb:core:0.4.0 with classifier null to /vanillacore/target/classes
2020-07-17 19:23:54,168 [main] INFO  o.e.m.c.i.p.WorkspaceClassifierResolverManager - Resolving P/elasql: org.elasql:elasql:0.2.1 with classifier null to /elasql/target/classes
2020-07-17 19:23:54,168 [main] INFO  o.e.m.c.i.p.WorkspaceClassifierResolverManager - Resolving P/vanillacomm: org.vanilladb:comm:0.2.2 with classifier null to /vanillacomm/target/classes
2020-07-17 20:36:58,824 [Worker-7: Launching server] INFO  o.e.m.c.i.embedder.EclipseLogger - Using 'UTF-8' encoding to copy filtered resources.
2020-07-17 20:36:58,829 [Worker-7: Launching server] INFO  o.e.m.c.i.embedder.EclipseLogger - Copying 2 resources
2020-07-17 20:36:58,842 [Worker-7: Launching server] INFO  o.e.m.c.i.embedder.EclipseLogger - Using 'UTF-8' encoding to copy filtered resources.
2020-07-17 20:36:58,843 [Worker-7: Launching server] INFO  o.e.m.c.i.embedder.EclipseLogger - skip non existing resourceDirectory D:\data_\database\vanilla_full\vanillacomm\src\test\resources
2020-07-17 20:37:03,562 [Worker-7: Launching server] INFO  o.e.m.c.i.embedder.EclipseLogger - Using 'UTF-8' encoding to copy filtered resources.
2020-07-17 20:37:03,563 [Worker-7: Launching server] INFO  o.e.m.c.i.embedder.EclipseLogger - Copying 2 resources
2020-07-17 20:37:03,592 [Worker-7: Launching server] INFO  o.e.m.c.i.embedder.EclipseLogger - Using 'UTF-8' encoding to copy filtered resources.
2020-07-17 20:37:03,592 [Worker-7: Launching server] INFO  o.e.m.c.i.embedder.EclipseLogger - Copying 2 resources
2020-07-17 20:37:03,602 [Worker-7: Launching server] INFO  o.e.m.c.i.embedder.EclipseLogger - Using 'UTF-8' encoding to copy filtered resources.
2020-07-17 20:37:03,603 [Worker-7: Launching server] INFO  o.e.m.c.i.embedder.EclipseLogger - Copying 2 resources
2020-07-17 20:37:04,792 [Worker-7: Launching server] INFO  o.e.m.c.i.p.WorkspaceClassifierResolverManager - Resolving P/vanillacore: org.vanilladb:core:0.4.0 with classifier  to /vanillacore/target/classes
2020-07-17 20:37:04,797 [Worker-7: Launching server] INFO  o.e.m.c.i.embedder.EclipseLogger - Using 'UTF-8' encoding to copy filtered resources.
2020-07-17 20:37:04,798 [Worker-7: Launching server] INFO  o.e.m.c.i.embedder.EclipseLogger - Copying 1 resource
2020-07-17 20:37:04,798 [Worker-7: Launching server] INFO  o.e.m.c.i.embedder.EclipseLogger - Copying 1 resource
2020-07-17 20:37:04,799 [Worker-7: Launching server] INFO  o.e.m.c.i.embedder.EclipseLogger - Copying 1 resource
2020-07-17 20:37:04,801 [Worker-7: Launching server] INFO  o.e.m.c.i.embedder.EclipseLogger - Using 'UTF-8' encoding to copy filtered resources.
2020-07-17 20:37:04,801 [Worker-7: Launching server] INFO  o.e.m.c.i.embedder.EclipseLogger - Copying 3 resources
2020-07-17 20:37:04,831 [Worker-7: Launching server] INFO  o.e.m.c.i.embedder.EclipseLogger - Using 'UTF-8' encoding to copy filtered resources.
2020-07-17 20:37:04,831 [Worker-7: Launching server] INFO  o.e.m.c.i.embedder.EclipseLogger - skip non existing resourceDirectory D:\data_\database\vanilla_full\vanillabench\src\test\resources
2020-07-17 20:37:06,285 [Worker-7: Launching server] INFO  o.e.m.c.i.embedder.EclipseLogger - Using 'UTF-8' encoding to copy filtered resources.
2020-07-17 20:37:06,285 [Worker-7: Launching server] INFO  o.e.m.c.i.embedder.EclipseLogger - Copying 4 resources
2020-07-17 20:37:06,310 [Worker-7: Launching server] INFO  o.e.m.c.i.embedder.EclipseLogger - Using 'UTF-8' encoding to copy filtered resources.
2020-07-17 20:37:06,311 [Worker-7: Launching server] INFO  o.e.m.c.i.embedder.EclipseLogger - Copying 4 resources
2020-07-17 20:37:06,323 [Worker-7: Launching server] INFO  o.e.m.c.i.embedder.EclipseLogger - Using 'UTF-8' encoding to copy filtered resources.
2020-07-17 20:37:06,323 [Worker-7: Launching server] INFO  o.e.m.c.i.embedder.EclipseLogger - skip non existing resourceDirectory D:\data_\database\vanilla_full\elasql\src\test\resources
2020-07-17 20:37:07,386 [Worker-7: Launching server] INFO  o.e.m.c.i.embedder.EclipseLogger - Using 'UTF-8' encoding to copy filtered resources.
2020-07-17 20:37:07,386 [Worker-7: Launching server] INFO  o.e.m.c.i.embedder.EclipseLogger - Copying 6 resources
2020-07-17 20:37:07,435 [Worker-7: Launching server] INFO  o.e.m.c.i.embedder.EclipseLogger - Using 'UTF-8' encoding to copy filtered resources.
2020-07-17 20:37:07,435 [Worker-7: Launching server] INFO  o.e.m.c.i.embedder.EclipseLogger - Copying 6 resources
2020-07-17 20:37:07,452 [Worker-7: Launching server] INFO  o.e.m.c.i.embedder.EclipseLogger - Using 'UTF-8' encoding to copy filtered resources.
2020-07-17 20:37:07,452 [Worker-7: Launching server] INFO  o.e.m.c.i.embedder.EclipseLogger - skip non existing resourceDirectory D:\data_\database\vanilla_full\elasqlbench\src\test\resources
2020-07-17 20:37:07,627 [Worker-29: Building] INFO  o.e.m.c.i.embedder.EclipseLogger - Using 'UTF-8' encoding to copy filtered resources.
2020-07-17 20:37:07,631 [Worker-29: Building] INFO  o.e.m.c.i.embedder.EclipseLogger - Copying 2 resources
2020-07-17 20:37:07,634 [Worker-29: Building] INFO  o.e.m.c.i.embedder.EclipseLogger - Using 'UTF-8' encoding to copy filtered resources.
2020-07-17 20:37:07,634 [Worker-29: Building] INFO  o.e.m.c.i.embedder.EclipseLogger - skip non existing resourceDirectory D:\data_\database\vanilla_full\vanillacomm\src\test\resources
2020-07-17 20:37:07,665 [Worker-29: Building] INFO  o.e.m.c.i.embedder.EclipseLogger - Using 'UTF-8' encoding to copy filtered resources.
2020-07-17 20:37:07,668 [Worker-29: Building] INFO  o.e.m.c.i.embedder.EclipseLogger - Copying 0 resource
2020-07-17 20:37:07,671 [Worker-29: Building] INFO  o.e.m.c.i.embedder.EclipseLogger - Using 'UTF-8' encoding to copy filtered resources.
2020-07-17 20:37:07,672 [Worker-29: Building] INFO  o.e.m.c.i.embedder.EclipseLogger - Copying 4 resources
2020-07-17 20:37:07,674 [Worker-29: Building] INFO  o.e.m.c.i.embedder.EclipseLogger - Using 'UTF-8' encoding to copy filtered resources.
2020-07-17 20:37:07,674 [Worker-29: Building] INFO  o.e.m.c.i.embedder.EclipseLogger - skip non existing resourceDirectory D:\data_\database\vanilla_full\elasql\src\test\resources
2020-07-17 20:37:07,806 [Worker-26: Building] INFO  o.e.m.c.i.embedder.EclipseLogger - Using 'UTF-8' encoding to copy filtered resources.
2020-07-17 20:37:07,806 [Worker-26: Building] INFO  o.e.m.c.i.embedder.EclipseLogger - Copying 0 resource
2020-07-17 20:37:07,807 [Worker-26: Building] INFO  o.e.m.c.i.embedder.EclipseLogger - Using 'UTF-8' encoding to copy filtered resources.
2020-07-17 20:37:07,808 [Worker-26: Building] INFO  o.e.m.c.i.embedder.EclipseLogger - Copying 6 resources
2020-07-17 20:37:07,810 [Worker-26: Building] INFO  o.e.m.c.i.embedder.EclipseLogger - Using 'UTF-8' encoding to copy filtered resources.
2020-07-17 20:37:07,810 [Worker-26: Building] INFO  o.e.m.c.i.embedder.EclipseLogger - skip non existing resourceDirectory D:\data_\database\vanilla_full\elasqlbench\src\test\resources
2020-07-17 20:37:34,603 [main] INFO  o.e.m.c.i.p.WorkspaceClassifierResolverManager - Resolving P/vanillabench: org.vanilladb:bench:0.4.0 with classifier null to /vanillabench/target/classes
2020-07-17 20:37:34,604 [main] INFO  o.e.m.c.i.p.WorkspaceClassifierResolverManager - Resolving P/vanillacore: org.vanilladb:core:0.4.0 with classifier null to /vanillacore/target/classes
2020-07-17 20:37:34,604 [main] INFO  o.e.m.c.i.p.WorkspaceClassifierResolverManager - Resolving P/elasql: org.elasql:elasql:0.2.1 with classifier null to /elasql/target/classes
2020-07-17 20:37:34,604 [main] INFO  o.e.m.c.i.p.WorkspaceClassifierResolverManager - Resolving P/vanillacomm: org.vanilladb:comm:0.2.2 with classifier null to /vanillacomm/target/classes
2020-07-17 20:37:52,628 [main] INFO  o.e.m.c.i.p.WorkspaceClassifierResolverManager - Resolving P/vanillabench: org.vanilladb:bench:0.4.0 with classifier null to /vanillabench/target/classes
2020-07-17 20:37:52,629 [main] INFO  o.e.m.c.i.p.WorkspaceClassifierResolverManager - Resolving P/vanillacore: org.vanilladb:core:0.4.0 with classifier null to /vanillacore/target/classes
2020-07-17 20:37:52,629 [main] INFO  o.e.m.c.i.p.WorkspaceClassifierResolverManager - Resolving P/elasql: org.elasql:elasql:0.2.1 with classifier null to /elasql/target/classes
2020-07-17 20:37:52,629 [main] INFO  o.e.m.c.i.p.WorkspaceClassifierResolverManager - Resolving P/vanillacomm: org.vanilladb:comm:0.2.2 with classifier null to /vanillacomm/target/classes
2020-07-22 14:12:33,119 [Worker-0: Loading available Gradle versions] INFO  o.e.b.c.i.u.g.PublishedGradleVersions - Gradle version information cache is out-of-date. Trying to update.
2020-07-22 14:12:35,490 [Worker-4: reload maven project] INFO  o.e.m.c.i.p.WorkspaceClassifierResolverManager - Resolving P/vanillacore: org.vanilladb:core:0.4.0 with classifier  to /vanillacore/target/classes
2020-07-22 14:12:35,500 [Worker-4: reload maven project] INFO  o.e.m.c.i.p.WorkspaceClassifierResolverManager - Resolving P/vanillacomm: org.vanilladb:comm:0.2.2 with classifier  to /vanillacomm/target/classes
2020-07-22 14:38:22,237 [Worker-0: Building] INFO  o.e.m.c.i.embedder.EclipseLogger - Using 'UTF-8' encoding to copy filtered resources.
2020-07-22 14:38:22,250 [Worker-0: Building] INFO  o.e.m.c.i.embedder.EclipseLogger - Copying 2 resources
2020-07-22 14:38:22,348 [Worker-0: Building] INFO  o.e.m.c.i.embedder.EclipseLogger - Using 'UTF-8' encoding to copy filtered resources.
2020-07-22 14:38:22,350 [Worker-0: Building] INFO  o.e.m.c.i.embedder.EclipseLogger - Copying 2 resources
2020-07-22 14:38:22,357 [Worker-0: Building] INFO  o.e.m.c.i.embedder.EclipseLogger - Using 'UTF-8' encoding to copy filtered resources.
2020-07-22 14:38:22,358 [Worker-0: Building] INFO  o.e.m.c.i.embedder.EclipseLogger - Copying 2 resources
2020-07-22 14:39:07,749 [Worker-2: Building] INFO  o.e.m.c.i.embedder.EclipseLogger - Using 'UTF-8' encoding to copy filtered resources.
2020-07-22 14:39:07,753 [Worker-2: Building] INFO  o.e.m.c.i.embedder.EclipseLogger - Copying 0 resource
2020-07-22 14:39:07,756 [Worker-2: Building] INFO  o.e.m.c.i.embedder.EclipseLogger - Using 'UTF-8' encoding to copy filtered resources.
2020-07-22 14:39:07,760 [Worker-2: Building] INFO  o.e.m.c.i.embedder.EclipseLogger - Copying 2 resources
2020-07-22 14:39:07,763 [Worker-2: Building] INFO  o.e.m.c.i.embedder.EclipseLogger - Using 'UTF-8' encoding to copy filtered resources.
2020-07-22 14:39:07,763 [Worker-2: Building] INFO  o.e.m.c.i.embedder.EclipseLogger - Copying 0 resource
2020-07-22 14:40:00,430 [Worker-21: Building] INFO  o.e.m.c.i.embedder.EclipseLogger - Using 'UTF-8' encoding to copy filtered resources.
2020-07-22 14:40:00,430 [Worker-21: Building] INFO  o.e.m.c.i.embedder.EclipseLogger - Copying 0 resource
2020-07-22 14:40:00,433 [Worker-21: Building] INFO  o.e.m.c.i.embedder.EclipseLogger - Using 'UTF-8' encoding to copy filtered resources.
2020-07-22 14:40:00,435 [Worker-21: Building] INFO  o.e.m.c.i.embedder.EclipseLogger - Copying 2 resources
2020-07-22 14:40:00,437 [Worker-21: Building] INFO  o.e.m.c.i.embedder.EclipseLogger - Using 'UTF-8' encoding to copy filtered resources.
2020-07-22 14:40:00,437 [Worker-21: Building] INFO  o.e.m.c.i.embedder.EclipseLogger - Copying 0 resource
2020-07-22 15:17:36,182 [Worker-32: Building] INFO  o.e.m.c.i.embedder.EclipseLogger - Using 'UTF-8' encoding to copy filtered resources.
2020-07-22 15:17:36,183 [Worker-32: Building] INFO  o.e.m.c.i.embedder.EclipseLogger - Copying 0 resource
2020-07-22 15:17:36,186 [Worker-32: Building] INFO  o.e.m.c.i.embedder.EclipseLogger - Using 'UTF-8' encoding to copy filtered resources.
2020-07-22 15:17:36,188 [Worker-32: Building] INFO  o.e.m.c.i.embedder.EclipseLogger - Copying 2 resources
2020-07-22 15:17:36,191 [Worker-32: Building] INFO  o.e.m.c.i.embedder.EclipseLogger - Using 'UTF-8' encoding to copy filtered resources.
2020-07-22 15:17:36,192 [Worker-32: Building] INFO  o.e.m.c.i.embedder.EclipseLogger - Copying 0 resource
2020-07-22 15:19:46,392 [Worker-5: Loading available Gradle versions] INFO  o.e.b.c.i.u.g.PublishedGradleVersions - Gradle version information cache is up-to-date. Trying to read.
2020-07-22 15:35:28,997 [Worker-12: Loading available Gradle versions] INFO  o.e.b.c.i.u.g.PublishedGradleVersions - Gradle version information cache is up-to-date. Trying to read.
2020-07-22 15:39:30,185 [Worker-14: Launching vanilla_start] INFO  o.e.m.c.i.embedder.EclipseLogger - Using 'UTF-8' encoding to copy filtered resources.
2020-07-22 15:39:30,192 [Worker-14: Launching vanilla_start] INFO  o.e.m.c.i.embedder.EclipseLogger - Copying 2 resources
2020-07-22 15:39:30,247 [Worker-14: Launching vanilla_start] INFO  o.e.m.c.i.embedder.EclipseLogger - Using 'UTF-8' encoding to copy filtered resources.
2020-07-22 15:39:30,248 [Worker-14: Launching vanilla_start] INFO  o.e.m.c.i.embedder.EclipseLogger - Copying 2 resources
2020-07-22 15:39:30,268 [Worker-14: Launching vanilla_start] INFO  o.e.m.c.i.embedder.EclipseLogger - Using 'UTF-8' encoding to copy filtered resources.
2020-07-22 15:39:30,268 [Worker-14: Launching vanilla_start] INFO  o.e.m.c.i.embedder.EclipseLogger - Copying 2 resources
2020-07-22 15:39:32,467 [Worker-21: Building] INFO  o.e.m.c.i.embedder.EclipseLogger - Using 'UTF-8' encoding to copy filtered resources.
2020-07-22 15:39:32,468 [Worker-21: Building] INFO  o.e.m.c.i.embedder.EclipseLogger - Copying 2 resources
2020-07-22 15:39:32,505 [Worker-21: Building] INFO  o.e.m.c.i.embedder.EclipseLogger - Using 'UTF-8' encoding to copy filtered resources.
2020-07-22 15:39:32,505 [Worker-21: Building] INFO  o.e.m.c.i.embedder.EclipseLogger - skip non existing resourceDirectory D:\data_\database\vanilla_full\vanillacomm\src\test\resources
2020-07-22 15:39:34,740 [Worker-24: Building] INFO  o.e.m.c.i.p.WorkspaceClassifierResolverManager - Resolving P/vanillacore: org.vanilladb:core:0.4.0 with classifier  to /vanillacore/target/classes
2020-07-22 15:39:34,750 [Worker-24: Building] INFO  o.e.m.c.i.embedder.EclipseLogger - Using 'UTF-8' encoding to copy filtered resources.
2020-07-22 15:39:34,751 [Worker-24: Building] INFO  o.e.m.c.i.embedder.EclipseLogger - Copying 1 resource
2020-07-22 15:39:34,752 [Worker-24: Building] INFO  o.e.m.c.i.embedder.EclipseLogger - Copying 1 resource
2020-07-22 15:39:34,752 [Worker-24: Building] INFO  o.e.m.c.i.embedder.EclipseLogger - Copying 1 resource
2020-07-22 15:39:34,754 [Worker-24: Building] INFO  o.e.m.c.i.embedder.EclipseLogger - Using 'UTF-8' encoding to copy filtered resources.
2020-07-22 15:39:34,756 [Worker-24: Building] INFO  o.e.m.c.i.embedder.EclipseLogger - Copying 3 resources
2020-07-22 15:39:34,798 [Worker-24: Building] INFO  o.e.m.c.i.embedder.EclipseLogger - Using 'UTF-8' encoding to copy filtered resources.
2020-07-22 15:39:34,799 [Worker-24: Building] INFO  o.e.m.c.i.embedder.EclipseLogger - skip non existing resourceDirectory D:\data_\database\vanilla_full\vanillabench\src\test\resources
2020-07-22 15:39:37,800 [Worker-24: Building] INFO  o.e.m.c.i.p.WorkspaceClassifierResolverManager - Resolving P/vanillacore: org.vanilladb:core:0.4.0 with classifier  to /vanillacore/target/classes
2020-07-22 15:39:37,802 [Worker-24: Building] INFO  o.e.m.c.i.p.WorkspaceClassifierResolverManager - Resolving P/vanillacomm: org.vanilladb:comm:0.2.2 with classifier  to /vanillacomm/target/classes
2020-07-22 15:39:37,808 [Worker-24: Building] INFO  o.e.m.c.i.embedder.EclipseLogger - Using 'UTF-8' encoding to copy filtered resources.
2020-07-22 15:39:37,809 [Worker-24: Building] INFO  o.e.m.c.i.embedder.EclipseLogger - Copying 4 resources
2020-07-22 15:39:37,867 [Worker-24: Building] INFO  o.e.m.c.i.embedder.EclipseLogger - Using 'UTF-8' encoding to copy filtered resources.
2020-07-22 15:39:37,867 [Worker-24: Building] INFO  o.e.m.c.i.embedder.EclipseLogger - Copying 4 resources
2020-07-22 15:39:37,886 [Worker-24: Building] INFO  o.e.m.c.i.embedder.EclipseLogger - Using 'UTF-8' encoding to copy filtered resources.
2020-07-22 15:39:37,886 [Worker-24: Building] INFO  o.e.m.c.i.embedder.EclipseLogger - skip non existing resourceDirectory D:\data_\database\vanilla_full\elasql\src\test\resources
2020-07-22 15:39:39,763 [Worker-24: Building] INFO  o.e.m.c.i.p.WorkspaceClassifierResolverManager - Resolving P/vanillabench: org.vanilladb:bench:0.4.0 with classifier  to /vanillabench/target/classes
2020-07-22 15:39:39,763 [Worker-24: Building] INFO  o.e.m.c.i.p.WorkspaceClassifierResolverManager - Resolving P/vanillacore: org.vanilladb:core:0.4.0 with classifier  to /vanillacore/target/classes
2020-07-22 15:39:39,764 [Worker-24: Building] INFO  o.e.m.c.i.p.WorkspaceClassifierResolverManager - Resolving P/elasql: org.elasql:elasql:0.2.1 with classifier  to /elasql/target/classes
2020-07-22 15:39:39,765 [Worker-24: Building] INFO  o.e.m.c.i.p.WorkspaceClassifierResolverManager - Resolving P/vanillacomm: org.vanilladb:comm:0.2.2 with classifier  to /vanillacomm/target/classes
2020-07-22 15:39:39,770 [Worker-24: Building] INFO  o.e.m.c.i.embedder.EclipseLogger - Using 'UTF-8' encoding to copy filtered resources.
2020-07-22 15:39:39,771 [Worker-24: Building] INFO  o.e.m.c.i.embedder.EclipseLogger - Copying 6 resources
2020-07-22 15:39:39,845 [Worker-24: Building] INFO  o.e.m.c.i.embedder.EclipseLogger - Using 'UTF-8' encoding to copy filtered resources.
2020-07-22 15:39:39,846 [Worker-24: Building] INFO  o.e.m.c.i.embedder.EclipseLogger - Copying 6 resources
2020-07-22 15:39:39,871 [Worker-24: Building] INFO  o.e.m.c.i.embedder.EclipseLogger - Using 'UTF-8' encoding to copy filtered resources.
2020-07-22 15:39:39,872 [Worker-24: Building] INFO  o.e.m.c.i.embedder.EclipseLogger - skip non existing resourceDirectory D:\data_\database\vanilla_full\elasqlbench\src\test\resources
